<?xml version="1.0" encoding="UTF-8"?>
<!-- Generated by org.testng.reporters.JUnitReportReporter -->
<testsuite hostname="LAPTOP-BCHU3DJA" failures="0" tests="4" name="com.Insurance.testcases.IP_testcases" time="159.730" errors="0" timestamp="2023-01-01T20:58:51 IST" skipped="0">
  <testcase classname="com.Insurance.testcases.IP_testcases" name="TC_001_Insurance_Register" time="54.964"/>
  <system-out/>
  <testcase classname="com.Insurance.testcases.IP_testcases" name="TC_002_Insurance_Register" time="44.846"/>
  <system-out/>
  <testcase classname="com.Insurance.testcases.IP_testcases" name="TC_003_Insurance_Register" time="45.140"/>
  <system-out/>
  <testcase classname="com.Insurance.testcases.IP_testcases" name="TC_001_Insurance_Login" time="14.780"/>
  <system-out/>
</testsuite> <!-- com.Insurance.testcases.IP_testcases -->
